(0000) 3000  0011000000000000 (  15)                 .ORIG x3000
(3000) F023  1111000000100011 (  16)                 TRAP  x23
(3001) 262E  0010011000101110 (  17)                 LD    R3 HEXN20
(3002) 1003  0001000000000011 (  18)                 ADD   R0 R0 R3
(3003) 1260  0001001001100000 (  19)                 ADD   R1 R1 #0
(3004) F023  1111000000100011 (  20)                 TRAP  x23
(3005) 1003  0001000000000011 (  21)                 ADD   R0 R0 R3
(3006) 1401  0001010000000001 (  23)                 ADD   R2 R0 R1
(3007) E006  1110000000000110 (  25)                 LEA   R0 MESG
(3008) F022  1111000000100010 (  26)                 TRAP  x22
(3009) 10A0  0001000010100000 (  27)                 ADD   R0 R2 #0
(300A) 2626  0010011000100110 (  28)                 LD    R3 HEX30
(300B) 1003  0001000000000011 (  29)                 ADD   R0 R0 R3
(300C) F021  1111000000100001 (  30)                 TRAP  x21
(300D) F025  1111000000100101 (  32)                 TRAP  x25
(300E) 0054  0000000001010100 (  34) MESG            .FILL x0054
(300F) 0068  0000000001101000 (  34)                 .FILL x0068
(3010) 0065  0000000001100101 (  34)                 .FILL x0065
(3011) 0020  0000000000100000 (  34)                 .FILL x0020
(3012) 0073  0000000001110011 (  34)                 .FILL x0073
(3013) 0075  0000000001110101 (  34)                 .FILL x0075
(3014) 006D  0000000001101101 (  34)                 .FILL x006D
(3015) 0020  0000000000100000 (  34)                 .FILL x0020
(3016) 006F  0000000001101111 (  34)                 .FILL x006F
(3017) 0066  0000000001100110 (  34)                 .FILL x0066
(3018) 0020  0000000000100000 (  34)                 .FILL x0020
(3019) 0074  0000000001110100 (  34)                 .FILL x0074
(301A) 0068  0000000001101000 (  34)                 .FILL x0068
(301B) 006F  0000000001101111 (  34)                 .FILL x006F
(301C) 0073  0000000001110011 (  34)                 .FILL x0073
(301D) 0065  0000000001100101 (  34)                 .FILL x0065
(301E) 0020  0000000000100000 (  34)                 .FILL x0020
(301F) 0074  0000000001110100 (  34)                 .FILL x0074
(3020) 0077  0000000001110111 (  34)                 .FILL x0077
(3021) 006F  0000000001101111 (  34)                 .FILL x006F
(3022) 0020  0000000000100000 (  34)                 .FILL x0020
(3023) 006E  0000000001101110 (  34)                 .FILL x006E
(3024) 0075  0000000001110101 (  34)                 .FILL x0075
(3025) 006D  0000000001101101 (  34)                 .FILL x006D
(3026) 0062  0000000001100010 (  34)                 .FILL x0062
(3027) 0065  0000000001100101 (  34)                 .FILL x0065
(3028) 0072  0000000001110010 (  34)                 .FILL x0072
(3029) 0073  0000000001110011 (  34)                 .FILL x0073
(302A) 0020  0000000000100000 (  34)                 .FILL x0020
(302B) 0069  0000000001101001 (  34)                 .FILL x0069
(302C) 0073  0000000001110011 (  34)                 .FILL x0073
(302D) 003A  0000000000111010 (  34)                 .FILL x003A
(302E) 0020  0000000000100000 (  34)                 .FILL x0020
(302F) 0000  0000000000000000 (  34)                 .FILL x0000
(3030) 0FFD  0000111111111101 (  35) HEXN20          .FILL x0FFD
(3031) 0030  0000000000110000 (  36) HEX30           .FILL x0030
